\BOOKMARK [1][-]{Doc-Start}{\376\377\000A\000c\000k\000n\000o\000w\000l\000e\000d\000g\000e\000m\000e\000n\000t\000s}{}% 1
\BOOKMARK [1][-]{Doc-Start}{\376\377\000S\000u\000m\000m\000a\000r\000y}{}% 2
\BOOKMARK [1][-]{Doc-Start}{\376\377\000L\000i\000s\000t\000\040\000o\000f\000\040\000A\000b\000b\000r\000e\000v\000i\000a\000t\000i\000o\000n\000s}{}% 3
\BOOKMARK [1][-]{section.1}{\376\377\000I\000n\000t\000r\000o\000d\000u\000c\000t\000i\000o\000n}{}% 4
\BOOKMARK [2][-]{subsection.1.1}{\376\377\000B\000a\000c\000k\000g\000r\000o\000u\000n\000d\000\040\000a\000n\000d\000\040\000M\000o\000t\000i\000v\000a\000t\000i\000o\000n}{section.1}% 5
\BOOKMARK [2][-]{subsection.1.2}{\376\377\000O\000b\000j\000e\000c\000t\000i\000v\000e\000s}{section.1}% 6
\BOOKMARK [2][-]{subsection.1.3}{\376\377\000S\000t\000a\000t\000e\000\040\000o\000f\000\040\000t\000h\000e\000\040\000A\000r\000t}{section.1}% 7
\BOOKMARK [1][-]{section.2}{\376\377\000P\000r\000o\000c\000e\000d\000u\000r\000e\000\040\000/\000\040\000M\000e\000t\000h\000o\000d\000o\000l\000o\000g\000y}{}% 8
\BOOKMARK [2][-]{subsection.2.1}{\376\377\000D\000a\000t\000a\000s\000e\000t\000\040\000a\000n\000d\000\040\000E\000x\000p\000e\000r\000i\000m\000e\000n\000t\000a\000l\000\040\000S\000e\000t\000u\000p}{section.2}% 9
\BOOKMARK [2][-]{subsection.2.2}{\376\377\000I\000n\000p\000u\000t\000\040\000C\000o\000n\000f\000i\000g\000u\000r\000a\000t\000i\000o\000n\000s}{section.2}% 10
\BOOKMARK [2][-]{subsection.2.3}{\376\377\000P\000h\000a\000s\000e\000\040\0001\000\040\040\024\000\040\000B\000a\000s\000e\000l\000i\000n\000e\000\040\000M\000o\000d\000e\000l\000l\000i\000n\000g}{section.2}% 11
\BOOKMARK [2][-]{subsection.2.4}{\376\377\000P\000h\000a\000s\000e\000\040\0002\000\040\040\024\000\040\000H\000y\000p\000e\000r\000p\000a\000r\000a\000m\000e\000t\000e\000r\000\040\000O\000p\000t\000i\000m\000i\000s\000a\000t\000i\000o\000n}{section.2}% 12
\BOOKMARK [2][-]{subsection.2.5}{\376\377\000P\000h\000a\000s\000e\000\040\0003\000\040\040\024\000\040\000D\000o\000m\000a\000i\000n\000-\000K\000n\000o\000w\000l\000e\000d\000g\000e\000\040\000F\000e\000a\000t\000u\000r\000e\000\040\000E\000n\000g\000i\000n\000e\000e\000r\000i\000n\000g}{section.2}% 13
\BOOKMARK [2][-]{subsection.2.6}{\376\377\000P\000h\000a\000s\000e\000\040\0004\000\040\040\024\000\040\000I\000n\000t\000e\000r\000p\000r\000e\000t\000a\000b\000i\000l\000i\000t\000y\000\040\000a\000n\000d\000\040\000F\000e\000a\000t\000u\000r\000e\000\040\000R\000e\000d\000u\000c\000t\000i\000o\000n}{section.2}% 14
\BOOKMARK [1][-]{section.3}{\376\377\000F\000i\000n\000d\000i\000n\000g\000s\000\040\000/\000\040\000R\000e\000s\000u\000l\000t\000s}{}% 15
\BOOKMARK [2][-]{subsection.3.1}{\376\377\000P\000h\000a\000s\000e\000\040\0001\000\040\000\046\000\040\0002\000\040\040\024\000\040\000B\000a\000s\000e\000l\000i\000n\000e\000\040\000a\000n\000d\000\040\000T\000u\000n\000e\000d\000\040\000P\000e\000r\000f\000o\000r\000m\000a\000n\000c\000e}{section.3}% 16
\BOOKMARK [2][-]{subsection.3.2}{\376\377\000P\000h\000a\000s\000e\000\040\0003\000\040\040\024\000\040\000D\000o\000m\000a\000i\000n\000-\000K\000n\000o\000w\000l\000e\000d\000g\000e\000\040\000B\000r\000e\000a\000k\000t\000h\000r\000o\000u\000g\000h}{section.3}% 17
\BOOKMARK [2][-]{subsection.3.3}{\376\377\000P\000h\000a\000s\000e\000\040\0004\000\040\040\024\000\040\000I\000n\000t\000e\000r\000p\000r\000e\000t\000a\000b\000i\000l\000i\000t\000y\000\040\000a\000n\000d\000\040\000M\000i\000n\000i\000m\000a\000l\000\040\000M\000o\000d\000e\000l}{section.3}% 18
\BOOKMARK [1][-]{section.4}{\376\377\000C\000o\000n\000c\000l\000u\000s\000i\000o\000n\000s}{}% 19
\BOOKMARK [1][-]{section.5}{\376\377\000R\000e\000c\000o\000m\000m\000e\000n\000d\000a\000t\000i\000o\000n\000s\000\040\000/\000\040\000F\000u\000t\000u\000r\000e\000\040\000W\000o\000r\000k}{}% 20
\BOOKMARK [1][-]{section.6}{\376\377\000R\000e\000f\000l\000e\000c\000t\000i\000o\000n}{}% 21
\BOOKMARK [1][-]{appendix.1.A}{\376\377\000S\000o\000u\000r\000c\000e\000\040\000C\000o\000d\000e}{}% 22
\BOOKMARK [1][-]{appendix.1.B}{\376\377\000D\000a\000t\000a\000s\000e\000t\000\040\000D\000e\000s\000c\000r\000i\000p\000t\000i\000o\000n}{}% 23
\BOOKMARK [1][-]{appendix.1.C}{\376\377\000O\000E\000S\000\040\000F\000e\000a\000t\000u\000r\000e\000\040\000D\000e\000r\000i\000v\000a\000t\000i\000o\000n}{}% 24
\BOOKMARK [1][-]{appendix.1.D}{\376\377\000O\000p\000t\000u\000n\000a\000\040\000H\000y\000p\000e\000r\000p\000a\000r\000a\000m\000e\000t\000e\000r\000\040\000S\000e\000a\000r\000c\000h\000\040\000R\000e\000s\000u\000l\000t\000s}{}% 25
\BOOKMARK [1][-]{appendix.1.E}{\376\377\000F\000u\000l\000l\000\040\000S\000t\000a\000t\000i\000s\000t\000i\000c\000a\000l\000\040\000T\000e\000s\000t\000\040\000O\000u\000t\000p\000u\000t\000s}{}% 26
